[0.031s] Invoking command in '/home/monster/arduinobot_ws/build/arduinobot_cpp_examples': CMAKE_PREFIX_PATH=${CMAKE_PREFIX_PATH}:/home/monster/arduinobot_ws/install/arduinobot_py_examples:/opt/ros/humble /usr/bin/cmake --build /home/monster/arduinobot_ws/build/arduinobot_cpp_examples -- -j3 -l3
[0.112s] [ 33%] Built target simple_subscriber
[0.117s] [35m[1mConsolidate compiler generated dependencies of target simple_parameter[0m
[0.145s] [ 66%] Built target simple_publisher
[0.157s] [ 83%] [32mBuilding CXX object CMakeFiles/simple_parameter.dir/src/simple_parameter.cpp.o[0m
[2.876s] [01m[K/home/monster/arduinobot_ws/src/arduinobot_cpp_examples/src/simple_parameter.cpp:[m[K In member function â€˜[01m[Krcl_interfaces::msg::SetParametersResult SimpleParameter::paramChangeCallback(const std::vector<rclcpp::Parameter>&)[m[Kâ€™:
[2.876s] [01m[K/home/monster/arduinobot_ws/src/arduinobot_cpp_examples/src/simple_parameter.cpp:39:31:[m[K [01;31m[Kerror: [m[Kcould not convert â€˜[01m[Kresult.rcl_interfaces::msg::SetParametersResult_<std::allocator<void> >::successful[m[Kâ€™ from â€˜[01m[Krcl_interfaces::msg::SetParametersResult_<std::allocator<void> >::_successful_type[m[Kâ€™ {aka â€˜[01m[Kbool[m[Kâ€™} to â€˜[01m[Krcl_interfaces::msg::SetParametersResult[m[Kâ€™ {aka â€˜[01m[Krcl_interfaces::msg::SetParametersResult_<std::allocator<void> >[m[Kâ€™}
[2.876s]    39 |                 return [01;31m[Kresult.successful[m[K;
[2.876s]       |                        [01;31m[K~~~~~~~^~~~~~~~~~[m[K
[2.876s]       |                               [01;31m[K|[m[K
[2.876s]       |                               [01;31m[Krcl_interfaces::msg::SetParametersResult_<std::allocator<void> >::_successful_type {aka bool}[m[K
[3.371s] gmake[2]: *** [CMakeFiles/simple_parameter.dir/build.make:76: CMakeFiles/simple_parameter.dir/src/simple_parameter.cpp.o] Error 1
[3.373s] gmake[1]: *** [CMakeFiles/Makefile2:193: CMakeFiles/simple_parameter.dir/all] Error 2
[3.373s] gmake: *** [Makefile:146: all] Error 2
[3.375s] Invoked command in '/home/monster/arduinobot_ws/build/arduinobot_cpp_examples' returned '2': CMAKE_PREFIX_PATH=${CMAKE_PREFIX_PATH}:/home/monster/arduinobot_ws/install/arduinobot_py_examples:/opt/ros/humble /usr/bin/cmake --build /home/monster/arduinobot_ws/build/arduinobot_cpp_examples -- -j3 -l3
