[01m[K/home/monster/arduinobot_ws/src/arduinobot_cpp_examples/src/simple_subscriber.cpp:9:9:[m[K [01;31m[Kerror: [m[KISO C++ forbids declaration of â€˜[01m[KSimpleSubscriber[m[Kâ€™ with no type [[01;31m[K]8;;https://gcc.gnu.org/onlinedocs/gcc/Warning-Options.html#index-fpermissive-fpermissive]8;;[m[K]
    9 |         [01;31m[KSimpleSubscriber[m[K() : Node("simple_subscriber")
      |         [01;31m[K^~~~~~~~~~~~~~~~[m[K
[01m[K/home/monster/arduinobot_ws/src/arduinobot_cpp_examples/src/simple_subscriber.cpp:20:9:[m[K [01;31m[Kerror: [m[Kâ€˜[01m[Krclcpp[m[Kâ€™ does not name a type
   20 |         [01;31m[Krclcpp[m[K:.Subscription<std_msgs::msg::String>::SharedPtr sub_;
      |         [01;31m[K^~~~~~[m[K
[01m[K/home/monster/arduinobot_ws/src/arduinobot_cpp_examples/src/simple_subscriber.cpp:[m[K In member function â€˜[01m[Kint SimpleSubsriber::SimpleSubscriber()[m[Kâ€™:
[01m[K/home/monster/arduinobot_ws/src/arduinobot_cpp_examples/src/simple_subscriber.cpp:9:30:[m[K [01;31m[Kerror: [m[Konly constructors take member initializers
    9 |         SimpleSubscriber() : [01;31m[KNode[m[K("simple_subscriber")
      |                              [01;31m[K^~~~[m[K
[01m[K/home/monster/arduinobot_ws/src/arduinobot_cpp_examples/src/simple_subscriber.cpp:11:17:[m[K [01;31m[Kerror: [m[Kâ€˜[01m[Ksub_[m[Kâ€™ was not declared in this scope
   11 |                 [01;31m[Ksub_[m[K = create_subscription<std_msgs::msg::String>("chatter", 10, std::bind(&SimpleSubscriber::msgCallback, this, _1));
      |                 [01;31m[K^~~~[m[K
[01m[K/home/monster/arduinobot_ws/src/arduinobot_cpp_examples/src/simple_subscriber.cpp:11:93:[m[K [01;31m[Kerror: [m[Kâ€˜[01m[KSimpleSubscriber[m[Kâ€™ is not a class, namespace, or enumeration
   11 |                 sub_ = create_subscription<std_msgs::msg::String>("chatter", 10, std::bind(&[01;31m[KSimpleSubscriber[m[K::msgCallback, this, _1));
      |                                                                                             [01;31m[K^~~~~~~~~~~~~~~~[m[K
[01m[K/home/monster/arduinobot_ws/src/arduinobot_cpp_examples/src/simple_subscriber.cpp:12:9:[m[K [01;35m[Kwarning: [m[Kno return statement in function returning non-void [[01;35m[K]8;;https://gcc.gnu.org/onlinedocs/gcc/Warning-Options.html#index-Wreturn-type-Wreturn-type]8;;[m[K]
   12 |         [01;35m[K}[m[K
      |         [01;35m[K^[m[K
[01m[K/home/monster/arduinobot_ws/src/arduinobot_cpp_examples/src/simple_subscriber.cpp:[m[K In function â€˜[01m[Kint main(int, char**)[m[Kâ€™:
[01m[K/home/monster/arduinobot_ws/src/arduinobot_cpp_examples/src/simple_subscriber.cpp:26:38:[m[K [01;31m[Kerror: [m[Kâ€˜[01m[KSimpleSubscriber[m[Kâ€™ was not declared in this scope; did you mean â€˜[01m[KSimpleSubsriber[m[Kâ€™?
   26 |         auto node = std::make_shared<[01;31m[KSimpleSubscriber[m[K>();
      |                                      [01;31m[K^~~~~~~~~~~~~~~~[m[K
      |                                      [32m[KSimpleSubsriber[m[K
[01m[K/home/monster/arduinobot_ws/src/arduinobot_cpp_examples/src/simple_subscriber.cpp:26:55:[m[K [01;31m[Kerror: [m[Kno matching function for call to â€˜[01m[Kmake_shared<<expression error> >()[m[Kâ€™
   26 |         auto node = [01;31m[Kstd::make_shared<SimpleSubscriber>()[m[K;
      |                     [01;31m[K~~~~~~~~~~~~~~~~~~~~~~~~~~~~~~~~~~^~[m[K
In file included from [01m[K/usr/include/c++/11/memory:77[m[K,
                 from [01m[K/opt/ros/humble/include/rclcpp/rclcpp/rclcpp.hpp:153[m[K,
                 from [01m[K/home/monster/arduinobot_ws/src/arduinobot_cpp_examples/src/simple_subscriber.cpp:1[m[K:
[01m[K/usr/include/c++/11/bits/shared_ptr.h:875:5:[m[K [01;36m[Knote: [m[Kcandidate: â€˜[01m[Ktemplate<class _Tp, class ... _Args> std::shared_ptr<_Tp> std::make_shared(_Args&& ...)[m[Kâ€™
  875 |     [01;36m[Kmake_shared[m[K(_Args&&... __args)
      |     [01;36m[K^~~~~~~~~~~[m[K
[01m[K/usr/include/c++/11/bits/shared_ptr.h:875:5:[m[K [01;36m[Knote: [m[K  template argument deduction/substitution failed:
[01m[K/home/monster/arduinobot_ws/src/arduinobot_cpp_examples/src/simple_subscriber.cpp:26:55:[m[K [01;31m[Kerror: [m[Ktemplate argument 1 is invalid
   26 |         auto node = [01;31m[Kstd::make_shared<SimpleSubscriber>()[m[K;
      |                     [01;31m[K~~~~~~~~~~~~~~~~~~~~~~~~~~~~~~~~~~^~[m[K
[01m[K/home/monster/arduinobot_ws/src/arduinobot_cpp_examples/src/simple_subscriber.cpp:28:15:[m[K [01;31m[Kerror: [m[Kexpected primary-expression before â€˜[01m[K.[m[Kâ€™ token
   28 |         rclcpp[01;31m[K.[m[Kshutdown();
      |               [01;31m[K^[m[K
gmake[2]: *** [CMakeFiles/simple_subscriber.dir/build.make:76: CMakeFiles/simple_subscriber.dir/src/simple_subscriber.cpp.o] Error 1
gmake[1]: *** [CMakeFiles/Makefile2:165: CMakeFiles/simple_subscriber.dir/all] Error 2
gmake: *** [Makefile:146: all] Error 2
