[0.024s] Invoking command in '/home/monster/arduinobot_ws/build/arduinobot_cpp_examples': CMAKE_PREFIX_PATH=${CMAKE_PREFIX_PATH}:/home/monster/arduinobot_ws/install/arduinobot_py_examples:/opt/ros/humble /usr/bin/cmake --build /home/monster/arduinobot_ws/build/arduinobot_cpp_examples -- -j3 -l3
[0.090s] -- Found ament_cmake: 1.3.9 (/opt/ros/humble/share/ament_cmake/cmake)
[0.279s] -- Found rclcpp: 16.0.9 (/opt/ros/humble/share/rclcpp/cmake)
[0.326s] -- Found rosidl_generator_c: 3.1.5 (/opt/ros/humble/share/rosidl_generator_c/cmake)
[0.331s] -- Found rosidl_adapter: 3.1.5 (/opt/ros/humble/share/rosidl_adapter/cmake)
[0.342s] -- Found rosidl_generator_cpp: 3.1.5 (/opt/ros/humble/share/rosidl_generator_cpp/cmake)
[0.362s] -- Using all available rosidl_typesupport_c: rosidl_typesupport_fastrtps_c;rosidl_typesupport_introspection_c
[0.388s] -- Using all available rosidl_typesupport_cpp: rosidl_typesupport_fastrtps_cpp;rosidl_typesupport_introspection_cpp
[0.478s] -- Found rmw_implementation_cmake: 6.1.2 (/opt/ros/humble/share/rmw_implementation_cmake/cmake)
[0.481s] -- Found rmw_fastrtps_cpp: 6.2.6 (/opt/ros/humble/share/rmw_fastrtps_cpp/cmake)
[0.632s] -- Using RMW implementation 'rmw_fastrtps_cpp' as default
[0.820s] -- Found ament_lint_auto: 0.12.11 (/opt/ros/humble/share/ament_lint_auto/cmake)
[0.900s] -- Added test 'cppcheck' to perform static code analysis on C / C++ code
[0.900s] -- Configured cppcheck include dirs: 
[0.900s] -- Configured cppcheck exclude dirs and/or files: 
[0.902s] -- Added test 'lint_cmake' to check CMake code style
[0.903s] -- Added test 'uncrustify' to check C / C++ code style
[0.903s] -- Configured uncrustify additional arguments: 
[0.904s] -- Added test 'xmllint' to check XML markup files
[0.906s] -- Configuring done
[0.920s] -- Generating done
[0.922s] -- Build files have been written to: /home/monster/arduinobot_ws/build/arduinobot_cpp_examples
[0.953s] [35m[1mConsolidate compiler generated dependencies of target simple_publisher[0m
[0.966s] [ 25%] [32mBuilding CXX object CMakeFiles/simple_subscriber.dir/src/simple_subscriber.cpp.o[0m
[0.970s] [ 75%] Built target simple_publisher
[3.399s] [01m[K/home/monster/arduinobot_ws/src/arduinobot_cpp_examples/src/simple_subscriber.cpp:9:9:[m[K [01;31m[Kerror: [m[KISO C++ forbids declaration of â€˜[01m[KSimpleSubscriber[m[Kâ€™ with no type [[01;31m[K]8;;https://gcc.gnu.org/onlinedocs/gcc/Warning-Options.html#index-fpermissive-fpermissive]8;;[m[K]
[3.399s]     9 |         [01;31m[KSimpleSubscriber[m[K() : Node("simple_subscriber")
[3.399s]       |         [01;31m[K^~~~~~~~~~~~~~~~[m[K
[3.401s] [01m[K/home/monster/arduinobot_ws/src/arduinobot_cpp_examples/src/simple_subscriber.cpp:20:9:[m[K [01;31m[Kerror: [m[Kâ€˜[01m[Krclcpp[m[Kâ€™ does not name a type
[3.401s]    20 |         [01;31m[Krclcpp[m[K:.Subscription<std_msgs::msg::String>::SharedPtr sub_;
[3.401s]       |         [01;31m[K^~~~~~[m[K
[3.401s] [01m[K/home/monster/arduinobot_ws/src/arduinobot_cpp_examples/src/simple_subscriber.cpp:[m[K In member function â€˜[01m[Kint SimpleSubsriber::SimpleSubscriber()[m[Kâ€™:
[3.401s] [01m[K/home/monster/arduinobot_ws/src/arduinobot_cpp_examples/src/simple_subscriber.cpp:9:30:[m[K [01;31m[Kerror: [m[Konly constructors take member initializers
[3.401s]     9 |         SimpleSubscriber() : [01;31m[KNode[m[K("simple_subscriber")
[3.401s]       |                              [01;31m[K^~~~[m[K
[3.405s] [01m[K/home/monster/arduinobot_ws/src/arduinobot_cpp_examples/src/simple_subscriber.cpp:11:17:[m[K [01;31m[Kerror: [m[Kâ€˜[01m[Ksub_[m[Kâ€™ was not declared in this scope
[3.405s]    11 |                 [01;31m[Ksub_[m[K = create_subscription<std_msgs::msg::String>("chatter", 10, std::bind(&SimpleSubscriber::msgCallback, this, _1));
[3.405s]       |                 [01;31m[K^~~~[m[K
[3.406s] [01m[K/home/monster/arduinobot_ws/src/arduinobot_cpp_examples/src/simple_subscriber.cpp:11:93:[m[K [01;31m[Kerror: [m[Kâ€˜[01m[KSimpleSubscriber[m[Kâ€™ is not a class, namespace, or enumeration
[3.406s]    11 |                 sub_ = create_subscription<std_msgs::msg::String>("chatter", 10, std::bind(&[01;31m[KSimpleSubscriber[m[K::msgCallback, this, _1));
[3.406s]       |                                                                                             [01;31m[K^~~~~~~~~~~~~~~~[m[K
[3.406s] [01m[K/home/monster/arduinobot_ws/src/arduinobot_cpp_examples/src/simple_subscriber.cpp:12:9:[m[K [01;35m[Kwarning: [m[Kno return statement in function returning non-void [[01;35m[K]8;;https://gcc.gnu.org/onlinedocs/gcc/Warning-Options.html#index-Wreturn-type-Wreturn-type]8;;[m[K]
[3.406s]    12 |         [01;35m[K}[m[K
[3.406s]       |         [01;35m[K^[m[K
[3.410s] [01m[K/home/monster/arduinobot_ws/src/arduinobot_cpp_examples/src/simple_subscriber.cpp:[m[K In function â€˜[01m[Kint main(int, char**)[m[Kâ€™:
[3.411s] [01m[K/home/monster/arduinobot_ws/src/arduinobot_cpp_examples/src/simple_subscriber.cpp:26:38:[m[K [01;31m[Kerror: [m[Kâ€˜[01m[KSimpleSubscriber[m[Kâ€™ was not declared in this scope; did you mean â€˜[01m[KSimpleSubsriber[m[Kâ€™?
[3.411s]    26 |         auto node = std::make_shared<[01;31m[KSimpleSubscriber[m[K>();
[3.411s]       |                                      [01;31m[K^~~~~~~~~~~~~~~~[m[K
[3.411s]       |                                      [32m[KSimpleSubsriber[m[K
[3.411s] [01m[K/home/monster/arduinobot_ws/src/arduinobot_cpp_examples/src/simple_subscriber.cpp:26:55:[m[K [01;31m[Kerror: [m[Kno matching function for call to â€˜[01m[Kmake_shared<<expression error> >()[m[Kâ€™
[3.411s]    26 |         auto node = [01;31m[Kstd::make_shared<SimpleSubscriber>()[m[K;
[3.411s]       |                     [01;31m[K~~~~~~~~~~~~~~~~~~~~~~~~~~~~~~~~~~^~[m[K
[3.412s] In file included from [01m[K/usr/include/c++/11/memory:77[m[K,
[3.412s]                  from [01m[K/opt/ros/humble/include/rclcpp/rclcpp/rclcpp.hpp:153[m[K,
[3.412s]                  from [01m[K/home/monster/arduinobot_ws/src/arduinobot_cpp_examples/src/simple_subscriber.cpp:1[m[K:
[3.412s] [01m[K/usr/include/c++/11/bits/shared_ptr.h:875:5:[m[K [01;36m[Knote: [m[Kcandidate: â€˜[01m[Ktemplate<class _Tp, class ... _Args> std::shared_ptr<_Tp> std::make_shared(_Args&& ...)[m[Kâ€™
[3.412s]   875 |     [01;36m[Kmake_shared[m[K(_Args&&... __args)
[3.412s]       |     [01;36m[K^~~~~~~~~~~[m[K
[3.412s] [01m[K/usr/include/c++/11/bits/shared_ptr.h:875:5:[m[K [01;36m[Knote: [m[K  template argument deduction/substitution failed:
[3.412s] [01m[K/home/monster/arduinobot_ws/src/arduinobot_cpp_examples/src/simple_subscriber.cpp:26:55:[m[K [01;31m[Kerror: [m[Ktemplate argument 1 is invalid
[3.412s]    26 |         auto node = [01;31m[Kstd::make_shared<SimpleSubscriber>()[m[K;
[3.412s]       |                     [01;31m[K~~~~~~~~~~~~~~~~~~~~~~~~~~~~~~~~~~^~[m[K
[3.412s] [01m[K/home/monster/arduinobot_ws/src/arduinobot_cpp_examples/src/simple_subscriber.cpp:28:15:[m[K [01;31m[Kerror: [m[Kexpected primary-expression before â€˜[01m[K.[m[Kâ€™ token
[3.412s]    28 |         rclcpp[01;31m[K.[m[Kshutdown();
[3.412s]       |               [01;31m[K^[m[K
[3.840s] gmake[2]: *** [CMakeFiles/simple_subscriber.dir/build.make:76: CMakeFiles/simple_subscriber.dir/src/simple_subscriber.cpp.o] Error 1
[3.841s] gmake[1]: *** [CMakeFiles/Makefile2:165: CMakeFiles/simple_subscriber.dir/all] Error 2
[3.841s] gmake: *** [Makefile:146: all] Error 2
[3.845s] Invoked command in '/home/monster/arduinobot_ws/build/arduinobot_cpp_examples' returned '2': CMAKE_PREFIX_PATH=${CMAKE_PREFIX_PATH}:/home/monster/arduinobot_ws/install/arduinobot_py_examples:/opt/ros/humble /usr/bin/cmake --build /home/monster/arduinobot_ws/build/arduinobot_cpp_examples -- -j3 -l3
