[0.021s] Invoking command in '/home/monster/arduinobot_ws/build/arduinobot_cpp_examples': CMAKE_PREFIX_PATH=${CMAKE_PREFIX_PATH}:/home/monster/arduinobot_ws/install/arduinobot_py_examples:/opt/ros/humble /usr/bin/cmake --build /home/monster/arduinobot_ws/build/arduinobot_cpp_examples -- -j3 -l3
[0.064s] -- Found ament_cmake: 1.3.9 (/opt/ros/humble/share/ament_cmake/cmake)
[0.270s] -- Found rclcpp: 16.0.9 (/opt/ros/humble/share/rclcpp/cmake)
[0.327s] -- Found rosidl_generator_c: 3.1.5 (/opt/ros/humble/share/rosidl_generator_c/cmake)
[0.334s] -- Found rosidl_adapter: 3.1.5 (/opt/ros/humble/share/rosidl_adapter/cmake)
[0.349s] -- Found rosidl_generator_cpp: 3.1.5 (/opt/ros/humble/share/rosidl_generator_cpp/cmake)
[0.371s] -- Using all available rosidl_typesupport_c: rosidl_typesupport_fastrtps_c;rosidl_typesupport_introspection_c
[0.395s] -- Using all available rosidl_typesupport_cpp: rosidl_typesupport_fastrtps_cpp;rosidl_typesupport_introspection_cpp
[0.488s] -- Found rmw_implementation_cmake: 6.1.2 (/opt/ros/humble/share/rmw_implementation_cmake/cmake)
[0.492s] -- Found rmw_fastrtps_cpp: 6.2.6 (/opt/ros/humble/share/rmw_fastrtps_cpp/cmake)
[0.643s] -- Using RMW implementation 'rmw_fastrtps_cpp' as default
[0.842s] -- Found ament_lint_auto: 0.12.11 (/opt/ros/humble/share/ament_lint_auto/cmake)
[0.926s] -- Added test 'cppcheck' to perform static code analysis on C / C++ code
[0.926s] -- Configured cppcheck include dirs: 
[0.926s] -- Configured cppcheck exclude dirs and/or files: 
[0.927s] -- Added test 'lint_cmake' to check CMake code style
[0.928s] -- Added test 'uncrustify' to check C / C++ code style
[0.928s] -- Configured uncrustify additional arguments: 
[0.929s] -- Added test 'xmllint' to check XML markup files
[0.931s] -- Configuring done
[0.954s] -- Generating done
[0.955s] -- Build files have been written to: /home/monster/arduinobot_ws/build/arduinobot_cpp_examples
[0.982s] [35m[1mConsolidate compiler generated dependencies of target simple_subscriber[0m
[0.990s] [35m[1mConsolidate compiler generated dependencies of target simple_publisher[0m
[0.992s] [ 16%] [32mBuilding CXX object CMakeFiles/simple_parameter.dir/src/simple_parameter.cpp.o[0m
[1.007s] [ 50%] Built target simple_subscriber
[1.011s] [ 83%] Built target simple_publisher
[3.757s] [01m[K/home/monster/arduinobot_ws/src/arduinobot_cpp_examples/src/simple_parameter.cpp:20:9:[m[K [01;31m[Kerror: [m[Kâ€˜[01m[KOnSerParametersCallbackHandle[m[Kâ€™ does not name a type; did you mean â€˜[01m[KOnSetParametersCallbackHandle[m[Kâ€™?
[3.758s]    20 |         [01;31m[KOnSerParametersCallbackHandle[m[K::SharedPtr param_callback_handle_;
[3.758s]       |         [01;31m[K^~~~~~~~~~~~~~~~~~~~~~~~~~~~~[m[K
[3.758s]       |         [32m[KOnSetParametersCallbackHandle[m[K
[3.772s] [01m[K/home/monster/arduinobot_ws/src/arduinobot_cpp_examples/src/simple_parameter.cpp:[m[K In constructor â€˜[01m[KSimpleParameters::SimpleParameters()[m[Kâ€™:
[3.772s] [01m[K/home/monster/arduinobot_ws/src/arduinobot_cpp_examples/src/simple_parameter.cpp:16:17:[m[K [01;31m[Kerror: [m[Kâ€˜[01m[Kparam_callback_handle_[m[Kâ€™ was not declared in this scope
[3.772s]    16 |                 [01;31m[Kparam_callback_handle_[m[K = add_on_set_parameters_callback(std::bind(&SimpleParameter::paramChangeCallback, this, _1));
[3.772s]       |                 [01;31m[K^~~~~~~~~~~~~~~~~~~~~~[m[K
[3.772s] [01m[K/home/monster/arduinobot_ws/src/arduinobot_cpp_examples/src/simple_parameter.cpp:16:84:[m[K [01;31m[Kerror: [m[Kâ€˜[01m[KSimpleParameter[m[Kâ€™ has not been declared
[3.772s]    16 |                 param_callback_handle_ = add_on_set_parameters_callback(std::bind(&[01;31m[KSimpleParameter[m[K::paramChangeCallback, this, _1));
[3.772s]       |                                                                                    [01;31m[K^~~~~~~~~~~~~~~[m[K
[3.774s] [01m[K/home/monster/arduinobot_ws/src/arduinobot_cpp_examples/src/simple_parameter.cpp:[m[K In member function â€˜[01m[Krcl_interfaces::msg::SetParametersResult SimpleParameters::paramChangedCallback(const std::vector<rclcpp::Parameter>&)[m[Kâ€™:
[3.774s] [01m[K/home/monster/arduinobot_ws/src/arduinobot_cpp_examples/src/simple_parameter.cpp:30:40:[m[K [01;31m[Kerror: [m[Kâ€˜[01m[Kusing SetParametersResult = struct rcl_interfaces::msg::SetParametersResult_<std::allocator<void> >[m[Kâ€™ {aka â€˜[01m[Kstruct rcl_interfaces::msg::SetParametersResult_<std::allocator<void> >[m[Kâ€™} has no member named â€˜[01m[Ksuccesful[m[Kâ€™; did you mean â€˜[01m[Ksuccessful[m[Kâ€™?
[3.774s]    30 |                                 result.[01;31m[Ksuccesful[m[K = true;
[3.774s]       |                                        [01;31m[K^~~~~~~~~[m[K
[3.775s]       |                                        [32m[Ksuccessful[m[K
[3.775s] [01m[K/home/monster/arduinobot_ws/src/arduinobot_cpp_examples/src/simple_parameter.cpp:35:40:[m[K [01;31m[Kerror: [m[Kâ€˜[01m[Kusing SetParametersResult = struct rcl_interfaces::msg::SetParametersResult_<std::allocator<void> >[m[Kâ€™ {aka â€˜[01m[Kstruct rcl_interfaces::msg::SetParametersResult_<std::allocator<void> >[m[Kâ€™} has no member named â€˜[01m[Ksuccesful[m[Kâ€™; did you mean â€˜[01m[Ksuccessful[m[Kâ€™?
[3.775s]    35 |                                 result.[01;31m[Ksuccesful[m[K = true;
[3.775s]       |                                        [01;31m[K^~~~~~~~~[m[K
[3.775s]       |                                        [32m[Ksuccessful[m[K
[3.781s] [01m[K/home/monster/arduinobot_ws/src/arduinobot_cpp_examples/src/simple_parameter.cpp:[m[K In function â€˜[01m[Kint main(int, char**)[m[Kâ€™:
[3.781s] [01m[K/home/monster/arduinobot_ws/src/arduinobot_cpp_examples/src/simple_parameter.cpp:46:38:[m[K [01;31m[Kerror: [m[Kâ€˜[01m[KSimpleParameter[m[Kâ€™ was not declared in this scope; did you mean â€˜[01m[KSimpleParameters[m[Kâ€™?
[3.781s]    46 |         auto node = std::make_shared<[01;31m[KSimpleParameter[m[K>();
[3.781s]       |                                      [01;31m[K^~~~~~~~~~~~~~~[m[K
[3.781s]       |                                      [32m[KSimpleParameters[m[K
[3.781s] [01m[K/home/monster/arduinobot_ws/src/arduinobot_cpp_examples/src/simple_parameter.cpp:46:54:[m[K [01;31m[Kerror: [m[Kno matching function for call to â€˜[01m[Kmake_shared<<expression error> >()[m[Kâ€™
[3.781s]    46 |         auto node = [01;31m[Kstd::make_shared<SimpleParameter>()[m[K;
[3.781s]       |                     [01;31m[K~~~~~~~~~~~~~~~~~~~~~~~~~~~~~~~~~^~[m[K
[3.781s] In file included from [01m[K/usr/include/c++/11/memory:77[m[K,
[3.782s]                  from [01m[K/opt/ros/humble/include/rclcpp/rclcpp/rclcpp.hpp:153[m[K,
[3.782s]                  from [01m[K/home/monster/arduinobot_ws/src/arduinobot_cpp_examples/src/simple_parameter.cpp:1[m[K:
[3.782s] [01m[K/usr/include/c++/11/bits/shared_ptr.h:875:5:[m[K [01;36m[Knote: [m[Kcandidate: â€˜[01m[Ktemplate<class _Tp, class ... _Args> std::shared_ptr<_Tp> std::make_shared(_Args&& ...)[m[Kâ€™
[3.782s]   875 |     [01;36m[Kmake_shared[m[K(_Args&&... __args)
[3.782s]       |     [01;36m[K^~~~~~~~~~~[m[K
[3.782s] [01m[K/usr/include/c++/11/bits/shared_ptr.h:875:5:[m[K [01;36m[Knote: [m[K  template argument deduction/substitution failed:
[3.782s] [01m[K/home/monster/arduinobot_ws/src/arduinobot_cpp_examples/src/simple_parameter.cpp:46:54:[m[K [01;31m[Kerror: [m[Ktemplate argument 1 is invalid
[3.782s]    46 |         auto node = [01;31m[Kstd::make_shared<SimpleParameter>()[m[K;
[3.782s]       |                     [01;31m[K~~~~~~~~~~~~~~~~~~~~~~~~~~~~~~~~~^~[m[K
[3.782s] [01m[K/home/monster/arduinobot_ws/src/arduinobot_cpp_examples/src/simple_parameter.cpp:47:16:[m[K [01;31m[Kerror: [m[Kâ€˜[01m[Kspin[m[Kâ€™ was not declared in this scope; did you mean â€˜[01m[Krclcpp::spin[m[Kâ€™?
[3.782s]    47 |         rclcpp:[01;31m[Kspin[m[K(node);
[3.783s]       |                [01;31m[K^~~~[m[K
[3.783s]       |                [32m[Krclcpp::spin[m[K
[3.783s] In file included from [01m[K/opt/ros/humble/include/rclcpp/rclcpp/rclcpp.hpp:155[m[K,
[3.783s]                  from [01m[K/home/monster/arduinobot_ws/src/arduinobot_cpp_examples/src/simple_parameter.cpp:1[m[K:
[3.783s] [01m[K/opt/ros/humble/include/rclcpp/rclcpp/executors.hpp:49:1:[m[K [01;36m[Knote: [m[Kâ€˜[01m[Krclcpp::spin[m[Kâ€™ declared here
[3.783s]    49 | [01;36m[Kspin[m[K(rclcpp::Node::SharedPtr node_ptr);
[3.783s]       | [01;36m[K^~~~[m[K
[3.784s] [01m[K/home/monster/arduinobot_ws/src/arduinobot_cpp_examples/src/simple_parameter.cpp:47:9:[m[K [01;35m[Kwarning: [m[Klabel â€˜[01m[Krclcpp[m[Kâ€™ defined but not used [[01;35m[K]8;;https://gcc.gnu.org/onlinedocs/gcc/Warning-Options.html#index-Wunused-label-Wunused-label]8;;[m[K]
[3.784s]    47 |         [01;35m[Krclcpp[m[K:spin(node);
[3.784s]       |         [01;35m[K^~~~~~[m[K
[4.281s] gmake[2]: *** [CMakeFiles/simple_parameter.dir/build.make:76: CMakeFiles/simple_parameter.dir/src/simple_parameter.cpp.o] Error 1
[4.281s] gmake[1]: *** [CMakeFiles/Makefile2:193: CMakeFiles/simple_parameter.dir/all] Error 2
[4.281s] gmake: *** [Makefile:146: all] Error 2
[4.288s] Invoked command in '/home/monster/arduinobot_ws/build/arduinobot_cpp_examples' returned '2': CMAKE_PREFIX_PATH=${CMAKE_PREFIX_PATH}:/home/monster/arduinobot_ws/install/arduinobot_py_examples:/opt/ros/humble /usr/bin/cmake --build /home/monster/arduinobot_ws/build/arduinobot_cpp_examples -- -j3 -l3
