[01m[K/home/monster/arduinobot_ws/src/arduinobot_cpp_examples/src/simple_parameter.cpp:11:9:[m[K [01;31m[Kerror: [m[KISO C++ forbids declaration of â€˜[01m[KSimpleParameter[m[Kâ€™ with no type [[01;31m[K]8;;https://gcc.gnu.org/onlinedocs/gcc/Warning-Options.html#index-fpermissive-fpermissive]8;;[m[K]
   11 |         [01;31m[KSimpleParameter[m[K() : Node("simple_parameter")
      |         [01;31m[K^~~~~~~~~~~~~~~[m[K
[01m[K/home/monster/arduinobot_ws/src/arduinobot_cpp_examples/src/simple_parameter.cpp:[m[K In member function â€˜[01m[Kint SimpleParameters::SimpleParameter()[m[Kâ€™:
[01m[K/home/monster/arduinobot_ws/src/arduinobot_cpp_examples/src/simple_parameter.cpp:11:29:[m[K [01;31m[Kerror: [m[Konly constructors take member initializers
   11 |         SimpleParameter() : [01;31m[KNode[m[K("simple_parameter")
      |                             [01;31m[K^~~~[m[K
[01m[K/home/monster/arduinobot_ws/src/arduinobot_cpp_examples/src/simple_parameter.cpp:16:84:[m[K [01;31m[Kerror: [m[Kâ€˜[01m[KSimpleParameter[m[Kâ€™ is not a class, namespace, or enumeration
   16 |                 param_callback_handle_ = add_on_set_parameters_callback(std::bind(&[01;31m[KSimpleParameter[m[K::paramChangeCallback, this, _1));
      |                                                                                    [01;31m[K^~~~~~~~~~~~~~~[m[K
[01m[K/home/monster/arduinobot_ws/src/arduinobot_cpp_examples/src/simple_parameter.cpp:17:9:[m[K [01;35m[Kwarning: [m[Kno return statement in function returning non-void [[01;35m[K]8;;https://gcc.gnu.org/onlinedocs/gcc/Warning-Options.html#index-Wreturn-type-Wreturn-type]8;;[m[K]
   17 |         [01;35m[K}[m[K
      |         [01;35m[K^[m[K
[01m[K/home/monster/arduinobot_ws/src/arduinobot_cpp_examples/src/simple_parameter.cpp:[m[K In member function â€˜[01m[Krcl_interfaces::msg::SetParametersResult SimpleParameters::paramChangedCallback(const std::vector<rclcpp::Parameter>&)[m[Kâ€™:
[01m[K/home/monster/arduinobot_ws/src/arduinobot_cpp_examples/src/simple_parameter.cpp:30:40:[m[K [01;31m[Kerror: [m[Kâ€˜[01m[Kusing SetParametersResult = struct rcl_interfaces::msg::SetParametersResult_<std::allocator<void> >[m[Kâ€™ {aka â€˜[01m[Kstruct rcl_interfaces::msg::SetParametersResult_<std::allocator<void> >[m[Kâ€™} has no member named â€˜[01m[Ksuccesful[m[Kâ€™; did you mean â€˜[01m[Ksuccessful[m[Kâ€™?
   30 |                                 result.[01;31m[Ksuccesful[m[K = true;
      |                                        [01;31m[K^~~~~~~~~[m[K
      |                                        [32m[Ksuccessful[m[K
[01m[K/home/monster/arduinobot_ws/src/arduinobot_cpp_examples/src/simple_parameter.cpp:35:40:[m[K [01;31m[Kerror: [m[Kâ€˜[01m[Kusing SetParametersResult = struct rcl_interfaces::msg::SetParametersResult_<std::allocator<void> >[m[Kâ€™ {aka â€˜[01m[Kstruct rcl_interfaces::msg::SetParametersResult_<std::allocator<void> >[m[Kâ€™} has no member named â€˜[01m[Ksuccesful[m[Kâ€™; did you mean â€˜[01m[Ksuccessful[m[Kâ€™?
   35 |                                 result.[01;31m[Ksuccesful[m[K = true;
      |                                        [01;31m[K^~~~~~~~~[m[K
      |                                        [32m[Ksuccessful[m[K
[01m[K/home/monster/arduinobot_ws/src/arduinobot_cpp_examples/src/simple_parameter.cpp:[m[K In function â€˜[01m[Kint main(int, char**)[m[Kâ€™:
[01m[K/home/monster/arduinobot_ws/src/arduinobot_cpp_examples/src/simple_parameter.cpp:46:38:[m[K [01;31m[Kerror: [m[Kâ€˜[01m[KSimpleParameter[m[Kâ€™ was not declared in this scope; did you mean â€˜[01m[KSimpleParameters[m[Kâ€™?
   46 |         auto node = std::make_shared<[01;31m[KSimpleParameter[m[K>();
      |                                      [01;31m[K^~~~~~~~~~~~~~~[m[K
      |                                      [32m[KSimpleParameters[m[K
[01m[K/home/monster/arduinobot_ws/src/arduinobot_cpp_examples/src/simple_parameter.cpp:46:54:[m[K [01;31m[Kerror: [m[Kno matching function for call to â€˜[01m[Kmake_shared<<expression error> >()[m[Kâ€™
   46 |         auto node = [01;31m[Kstd::make_shared<SimpleParameter>()[m[K;
      |                     [01;31m[K~~~~~~~~~~~~~~~~~~~~~~~~~~~~~~~~~^~[m[K
In file included from [01m[K/usr/include/c++/11/memory:77[m[K,
                 from [01m[K/opt/ros/humble/include/rclcpp/rclcpp/rclcpp.hpp:153[m[K,
                 from [01m[K/home/monster/arduinobot_ws/src/arduinobot_cpp_examples/src/simple_parameter.cpp:1[m[K:
[01m[K/usr/include/c++/11/bits/shared_ptr.h:875:5:[m[K [01;36m[Knote: [m[Kcandidate: â€˜[01m[Ktemplate<class _Tp, class ... _Args> std::shared_ptr<_Tp> std::make_shared(_Args&& ...)[m[Kâ€™
  875 |     [01;36m[Kmake_shared[m[K(_Args&&... __args)
      |     [01;36m[K^~~~~~~~~~~[m[K
[01m[K/usr/include/c++/11/bits/shared_ptr.h:875:5:[m[K [01;36m[Knote: [m[K  template argument deduction/substitution failed:
[01m[K/home/monster/arduinobot_ws/src/arduinobot_cpp_examples/src/simple_parameter.cpp:46:54:[m[K [01;31m[Kerror: [m[Ktemplate argument 1 is invalid
   46 |         auto node = [01;31m[Kstd::make_shared<SimpleParameter>()[m[K;
      |                     [01;31m[K~~~~~~~~~~~~~~~~~~~~~~~~~~~~~~~~~^~[m[K
[01m[K/home/monster/arduinobot_ws/src/arduinobot_cpp_examples/src/simple_parameter.cpp:47:16:[m[K [01;31m[Kerror: [m[Kâ€˜[01m[Kspin[m[Kâ€™ was not declared in this scope; did you mean â€˜[01m[Krclcpp::spin[m[Kâ€™?
   47 |         rclcpp:[01;31m[Kspin[m[K(node);
      |                [01;31m[K^~~~[m[K
      |                [32m[Krclcpp::spin[m[K
In file included from [01m[K/opt/ros/humble/include/rclcpp/rclcpp/rclcpp.hpp:155[m[K,
                 from [01m[K/home/monster/arduinobot_ws/src/arduinobot_cpp_examples/src/simple_parameter.cpp:1[m[K:
[01m[K/opt/ros/humble/include/rclcpp/rclcpp/executors.hpp:49:1:[m[K [01;36m[Knote: [m[Kâ€˜[01m[Krclcpp::spin[m[Kâ€™ declared here
   49 | [01;36m[Kspin[m[K(rclcpp::Node::SharedPtr node_ptr);
      | [01;36m[K^~~~[m[K
[01m[K/home/monster/arduinobot_ws/src/arduinobot_cpp_examples/src/simple_parameter.cpp:47:9:[m[K [01;35m[Kwarning: [m[Klabel â€˜[01m[Krclcpp[m[Kâ€™ defined but not used [[01;35m[K]8;;https://gcc.gnu.org/onlinedocs/gcc/Warning-Options.html#index-Wunused-label-Wunused-label]8;;[m[K]
   47 |         [01;35m[Krclcpp[m[K:spin(node);
      |         [01;35m[K^~~~~~[m[K
gmake[2]: *** [CMakeFiles/simple_parameter.dir/build.make:76: CMakeFiles/simple_parameter.dir/src/simple_parameter.cpp.o] Error 1
gmake[1]: *** [CMakeFiles/Makefile2:193: CMakeFiles/simple_parameter.dir/all] Error 2
gmake: *** [Makefile:146: all] Error 2
