[0.010s] Invoking command in '/home/monster/arduinobot_ws/build/arduinobot_firmware': CMAKE_PREFIX_PATH=/opt/ros/humble /usr/bin/cmake /home/monster/arduinobot_ws/src/arduinobot_firmware -DCMAKE_INSTALL_PREFIX=/home/monster/arduinobot_ws/install/arduinobot_firmware
[0.021s] -- Found ament_cmake: 1.3.9 (/opt/ros/humble/share/ament_cmake/cmake)
[0.131s] -- Found rclpy: 3.3.13 (/opt/ros/humble/share/rclpy/cmake)
[0.131s] -- Found rclcpp: 16.0.9 (/opt/ros/humble/share/rclcpp/cmake)
[0.156s] -- Found rosidl_generator_c: 3.1.5 (/opt/ros/humble/share/rosidl_generator_c/cmake)
[0.158s] -- Found rosidl_adapter: 3.1.5 (/opt/ros/humble/share/rosidl_adapter/cmake)
[0.164s] -- Found rosidl_generator_cpp: 3.1.5 (/opt/ros/humble/share/rosidl_generator_cpp/cmake)
[0.173s] -- Using all available rosidl_typesupport_c: rosidl_typesupport_fastrtps_c;rosidl_typesupport_introspection_c
[0.187s] -- Using all available rosidl_typesupport_cpp: rosidl_typesupport_fastrtps_cpp;rosidl_typesupport_introspection_cpp
[0.239s] -- Found rmw_implementation_cmake: 6.1.2 (/opt/ros/humble/share/rmw_implementation_cmake/cmake)
[0.241s] -- Found rmw_fastrtps_cpp: 6.2.6 (/opt/ros/humble/share/rmw_fastrtps_cpp/cmake)
[0.341s] -- Using RMW implementation 'rmw_fastrtps_cpp' as default
[0.548s] -- Found ament_lint_auto: 0.12.11 (/opt/ros/humble/share/ament_lint_auto/cmake)
[0.606s] -- Added test 'cppcheck' to perform static code analysis on C / C++ code
[0.606s] -- Configured cppcheck include dirs: /home/monster/arduinobot_ws/src/arduinobot_firmware/
[0.606s] -- Configured cppcheck exclude dirs and/or files: 
[0.607s] -- Added test 'flake8' to check Python code syntax and style conventions
[0.607s] -- Added test 'lint_cmake' to check CMake code style
[0.607s] -- Added test 'pep257' to check Python code against some of the docstring style conventions in PEP 257
[0.608s] -- Added test 'uncrustify' to check C / C++ code style
[0.608s] -- Configured uncrustify additional arguments: 
[0.608s] -- Added test 'xmllint' to check XML markup files
[0.609s] -- Configuring done
[0.617s] -- Generating done
[0.618s] -- Build files have been written to: /home/monster/arduinobot_ws/build/arduinobot_firmware
[0.624s] Invoked command in '/home/monster/arduinobot_ws/build/arduinobot_firmware' returned '0': CMAKE_PREFIX_PATH=/opt/ros/humble /usr/bin/cmake /home/monster/arduinobot_ws/src/arduinobot_firmware -DCMAKE_INSTALL_PREFIX=/home/monster/arduinobot_ws/install/arduinobot_firmware
[0.626s] Invoking command in '/home/monster/arduinobot_ws/build/arduinobot_firmware': CMAKE_PREFIX_PATH=/opt/ros/humble /usr/bin/cmake --build /home/monster/arduinobot_ws/build/arduinobot_firmware -- -j3 -l3
[0.673s] [ 50%] [32mBuilding CXX object CMakeFiles/simple_serial_transmitter.dir/src/simple_serial_transmitter.cpp.o[0m
[0.681s] [ 50%] Built target ament_cmake_python_copy_arduinobot_firmware
[0.897s] running egg_info
[0.898s] creating arduinobot_firmware.egg-info
[0.898s] writing arduinobot_firmware.egg-info/PKG-INFO
[0.898s] writing dependency_links to arduinobot_firmware.egg-info/dependency_links.txt
[0.898s] writing top-level names to arduinobot_firmware.egg-info/top_level.txt
[0.898s] writing manifest file 'arduinobot_firmware.egg-info/SOURCES.txt'
[0.901s] reading manifest file 'arduinobot_firmware.egg-info/SOURCES.txt'
[0.901s] writing manifest file 'arduinobot_firmware.egg-info/SOURCES.txt'
[0.926s] [ 50%] Built target ament_cmake_python_build_arduinobot_firmware_egg
[3.008s] [01m[K/home/monster/arduinobot_ws/src/arduinobot_firmware/src/simple_serial_transmitter.cpp:26:32:[m[K [01;31m[Kerror: [m[Kâ€˜[01m[Kstd_msgs[m[Kâ€™ does not name a type
[3.008s]    26 |         void msgCallback(const [01;31m[Kstd_msgs[m[K::msg::String &msg)
[3.008s]       |                                [01;31m[K^~~~~~~~[m[K
[3.008s] [01m[K/home/monster/arduinobot_ws/src/arduinobot_firmware/src/simple_serial_transmitter.cpp:26:45:[m[K [01;31m[Kerror: [m[Kexpected unqualified-id before â€˜[01m[K::[m[Kâ€™ token
[3.008s]    26 |         void msgCallback(const std_msgs::msg[01;31m[K::[m[KString &msg)
[3.008s]       |                                             [01;31m[K^~[m[K
[3.008s] [01m[K/home/monster/arduinobot_ws/src/arduinobot_firmware/src/simple_serial_transmitter.cpp:26:45:[m[K [01;31m[Kerror: [m[Kexpected â€˜[01m[K)[m[Kâ€™ before â€˜[01m[K::[m[Kâ€™ token
[3.008s]    26 |         void msgCallback[34m[K([m[Kconst std_msgs::msg[01;31m[K:[m[K[32m[K:[m[KString &msg)
[3.008s]       |                         [34m[K~[m[K                   [01;31m[K^[m[K[32m[K~[m[K
[3.008s]       |                                             [32m[K)[m[K
[3.011s] [01m[K/home/monster/arduinobot_ws/src/arduinobot_firmware/src/simple_serial_transmitter.cpp:26:42:[m[K [01;31m[Kerror: [m[Kexpected â€˜[01m[K;[m[Kâ€™ at end of member declaration
[3.011s]    26 |         void msgCallback(const std_msgs::[01;31m[Kmsg[m[K::String &msg)
[3.011s]       |                                          [01;31m[K^~~[m[K
[3.011s]       |                                             [32m[K;[m[K
[3.011s] [01m[K/home/monster/arduinobot_ws/src/arduinobot_firmware/src/simple_serial_transmitter.cpp:26:47:[m[K [01;31m[Kerror: [m[Kâ€˜[01m[KString[m[Kâ€™ in namespace â€˜[01m[K::[m[Kâ€™ does not name a type
[3.011s]    26 |         void msgCallback(const std_msgs::msg::[01;31m[KString[m[K &msg)
[3.011s]       |                                               [01;31m[K^~~~~~[m[K
[3.016s] [01m[K/home/monster/arduinobot_ws/src/arduinobot_firmware/src/simple_serial_transmitter.cpp:33:30:[m[K [01;31m[Kerror: [m[Kâ€˜[01m[Kstd_msgs[m[Kâ€™ was not declared in this scope
[3.016s]    33 |         rclcpp::Subscription<[01;31m[Kstd_msgs[m[K::msg::String>::SharedPtr sub_;
[3.016s]       |                              [01;31m[K^~~~~~~~[m[K
[3.016s] [01m[K/home/monster/arduinobot_ws/src/arduinobot_firmware/src/simple_serial_transmitter.cpp:33:51:[m[K [01;31m[Kerror: [m[Ktemplate argument 1 is invalid
[3.016s]    33 |         rclcpp::Subscription<std_msgs::msg::String[01;31m[K>[m[K::SharedPtr sub_;
[3.016s]       |                                                   [01;31m[K^[m[K
[3.016s] [01m[K/home/monster/arduinobot_ws/src/arduinobot_firmware/src/simple_serial_transmitter.cpp:33:51:[m[K [01;31m[Kerror: [m[Ktemplate argument 3 is invalid
[3.016s] [01m[K/home/monster/arduinobot_ws/src/arduinobot_firmware/src/simple_serial_transmitter.cpp:33:51:[m[K [01;31m[Kerror: [m[Ktemplate argument 4 is invalid
[3.016s] [01m[K/home/monster/arduinobot_ws/src/arduinobot_firmware/src/simple_serial_transmitter.cpp:33:51:[m[K [01;31m[Kerror: [m[Ktemplate argument 5 is invalid
[3.016s] [01m[K/home/monster/arduinobot_ws/src/arduinobot_firmware/src/simple_serial_transmitter.cpp:33:54:[m[K [01;31m[Kerror: [m[Kexpected â€˜[01m[K;[m[Kâ€™ at end of member declaration
[3.016s]    33 |         rclcpp::Subscription<std_msgs::msg::String>::[01;31m[KSharedPtr[m[K sub_;
[3.017s]       |                                                      [01;31m[K^~~~~~~~~[m[K
[3.017s]       |                                                               [32m[K;[m[K
[3.017s] [01m[K/home/monster/arduinobot_ws/src/arduinobot_firmware/src/simple_serial_transmitter.cpp:33:64:[m[K [01;31m[Kerror: [m[Kâ€˜[01m[Ksub_[m[Kâ€™ does not name a type
[3.017s]    33 |         rclcpp::Subscription<std_msgs::msg::String>::SharedPtr [01;31m[Ksub_[m[K;
[3.017s]       |                                                                [01;31m[K^~~~[m[K
[3.022s] [01m[K/home/monster/arduinobot_ws/src/arduinobot_firmware/src/simple_serial_transmitter.cpp:[m[K In constructor â€˜[01m[KSimpleSerialTransmitter::SimpleSerialTransmitter()[m[Kâ€™:
[3.022s] [01m[K/home/monster/arduinobot_ws/src/arduinobot_firmware/src/simple_serial_transmitter.cpp:15:17:[m[K [01;31m[Kerror: [m[Kâ€˜[01m[Ksub_[m[Kâ€™ was not declared in this scope
[3.022s]    15 |                 [01;31m[Ksub_[m[K create_subscription<std_msgs::msg::String>("serial_transmitter",10,std::bind(&SimpleSerialTransmitter::msgCallback, this, _1));
[3.022s]       |                 [01;31m[K^~~~[m[K
[3.022s] [01m[K/home/monster/arduinobot_ws/src/arduinobot_firmware/src/simple_serial_transmitter.cpp:18:17:[m[K [01;31m[Kerror: [m[Kexpected â€˜[01m[K;[m[Kâ€™ before â€˜[01m[Karduino_[m[Kâ€™
[3.022s]    18 |                 [01;31m[Karduino_[m[K.SetBaudRate(LibSerial::BaudRate::BAUD_115200);
[3.022s]       |                 [01;31m[K^~~~~~~~[m[K
[3.024s] [01m[K/home/monster/arduinobot_ws/src/arduinobot_firmware/src/simple_serial_transmitter.cpp:[m[K In destructor â€˜[01m[Kvirtual SimpleSerialTransmitter::~SimpleSerialTransmitter()[m[Kâ€™:
[3.024s] [01m[K/home/monster/arduinobot_ws/src/arduinobot_firmware/src/simple_serial_transmitter.cpp:23:26:[m[K [01;31m[Kerror: [m[Kâ€˜[01m[Kclass LibSerial::SerialPort[m[Kâ€™ has no member named â€˜[01m[Kclose[m[Kâ€™; did you mean â€˜[01m[KClose[m[Kâ€™?
[3.024s]    23 |                 arduino_.[01;31m[Kclose[m[K();
[3.024s]       |                          [01;31m[K^~~~~[m[K
[3.024s]       |                          [32m[KClose[m[K
[3.441s] gmake[2]: *** [CMakeFiles/simple_serial_transmitter.dir/build.make:76: CMakeFiles/simple_serial_transmitter.dir/src/simple_serial_transmitter.cpp.o] Error 1
[3.442s] gmake[1]: *** [CMakeFiles/Makefile2:192: CMakeFiles/simple_serial_transmitter.dir/all] Error 2
[3.442s] gmake: *** [Makefile:146: all] Error 2
[3.444s] Invoked command in '/home/monster/arduinobot_ws/build/arduinobot_firmware' returned '2': CMAKE_PREFIX_PATH=/opt/ros/humble /usr/bin/cmake --build /home/monster/arduinobot_ws/build/arduinobot_firmware -- -j3 -l3
