[0.023s] Invoking command in '/home/monster/arduinobot_ws/build/arduinobot_cpp_examples': CMAKE_PREFIX_PATH=${CMAKE_PREFIX_PATH}:/home/monster/arduinobot_ws/install/arduinobot_py_examples:/opt/ros/humble /usr/bin/cmake --build /home/monster/arduinobot_ws/build/arduinobot_cpp_examples -- -j3 -l3
[0.077s] [35m[1mConsolidate compiler generated dependencies of target simple_parameter[0m
[0.098s] [ 33%] Built target simple_subscriber
[0.102s] [ 66%] Built target simple_publisher
[0.108s] [ 83%] [32mBuilding CXX object CMakeFiles/simple_parameter.dir/src/simple_parameter.cpp.o[0m
[2.398s] [01m[K/home/monster/arduinobot_ws/src/arduinobot_cpp_examples/src/simple_parameter.cpp:[m[K In constructor â€˜[01m[KSimpleParameters::SimpleParameters()[m[Kâ€™:
[2.398s] [01m[K/home/monster/arduinobot_ws/src/arduinobot_cpp_examples/src/simple_parameter.cpp:16:84:[m[K [01;31m[Kerror: [m[Kâ€˜[01m[KSimpleParameter[m[Kâ€™ has not been declared
[2.398s]    16 |                 param_callback_handle_ = add_on_set_parameters_callback(std::bind(&[01;31m[KSimpleParameter[m[K::paramChangeCallback, this, _1));
[2.398s]       |                                                                                    [01;31m[K^~~~~~~~~~~~~~~[m[K
[2.400s] [01m[K/home/monster/arduinobot_ws/src/arduinobot_cpp_examples/src/simple_parameter.cpp:[m[K In member function â€˜[01m[Krcl_interfaces::msg::SetParametersResult SimpleParameters::paramChangedCallback(const std::vector<rclcpp::Parameter>&)[m[Kâ€™:
[2.400s] [01m[K/home/monster/arduinobot_ws/src/arduinobot_cpp_examples/src/simple_parameter.cpp:30:40:[m[K [01;31m[Kerror: [m[Kâ€˜[01m[Kusing SetParametersResult = struct rcl_interfaces::msg::SetParametersResult_<std::allocator<void> >[m[Kâ€™ {aka â€˜[01m[Kstruct rcl_interfaces::msg::SetParametersResult_<std::allocator<void> >[m[Kâ€™} has no member named â€˜[01m[Ksuccesful[m[Kâ€™; did you mean â€˜[01m[Ksuccessful[m[Kâ€™?
[2.400s]    30 |                                 result.[01;31m[Ksuccesful[m[K = true;
[2.400s]       |                                        [01;31m[K^~~~~~~~~[m[K
[2.400s]       |                                        [32m[Ksuccessful[m[K
[2.401s] [01m[K/home/monster/arduinobot_ws/src/arduinobot_cpp_examples/src/simple_parameter.cpp:35:40:[m[K [01;31m[Kerror: [m[Kâ€˜[01m[Kusing SetParametersResult = struct rcl_interfaces::msg::SetParametersResult_<std::allocator<void> >[m[Kâ€™ {aka â€˜[01m[Kstruct rcl_interfaces::msg::SetParametersResult_<std::allocator<void> >[m[Kâ€™} has no member named â€˜[01m[Ksuccesful[m[Kâ€™; did you mean â€˜[01m[Ksuccessful[m[Kâ€™?
[2.401s]    35 |                                 result.[01;31m[Ksuccesful[m[K = true;
[2.401s]       |                                        [01;31m[K^~~~~~~~~[m[K
[2.401s]       |                                        [32m[Ksuccessful[m[K
[2.406s] [01m[K/home/monster/arduinobot_ws/src/arduinobot_cpp_examples/src/simple_parameter.cpp:[m[K In function â€˜[01m[Kint main(int, char**)[m[Kâ€™:
[2.406s] [01m[K/home/monster/arduinobot_ws/src/arduinobot_cpp_examples/src/simple_parameter.cpp:46:38:[m[K [01;31m[Kerror: [m[Kâ€˜[01m[KSimpleParameter[m[Kâ€™ was not declared in this scope; did you mean â€˜[01m[KSimpleParameters[m[Kâ€™?
[2.406s]    46 |         auto node = std::make_shared<[01;31m[KSimpleParameter[m[K>();
[2.406s]       |                                      [01;31m[K^~~~~~~~~~~~~~~[m[K
[2.406s]       |                                      [32m[KSimpleParameters[m[K
[2.406s] [01m[K/home/monster/arduinobot_ws/src/arduinobot_cpp_examples/src/simple_parameter.cpp:46:54:[m[K [01;31m[Kerror: [m[Kno matching function for call to â€˜[01m[Kmake_shared<<expression error> >()[m[Kâ€™
[2.406s]    46 |         auto node = [01;31m[Kstd::make_shared<SimpleParameter>()[m[K;
[2.406s]       |                     [01;31m[K~~~~~~~~~~~~~~~~~~~~~~~~~~~~~~~~~^~[m[K
[2.406s] In file included from [01m[K/usr/include/c++/11/memory:77[m[K,
[2.406s]                  from [01m[K/opt/ros/humble/include/rclcpp/rclcpp/rclcpp.hpp:153[m[K,
[2.407s]                  from [01m[K/home/monster/arduinobot_ws/src/arduinobot_cpp_examples/src/simple_parameter.cpp:1[m[K:
[2.407s] [01m[K/usr/include/c++/11/bits/shared_ptr.h:875:5:[m[K [01;36m[Knote: [m[Kcandidate: â€˜[01m[Ktemplate<class _Tp, class ... _Args> std::shared_ptr<_Tp> std::make_shared(_Args&& ...)[m[Kâ€™
[2.407s]   875 |     [01;36m[Kmake_shared[m[K(_Args&&... __args)
[2.407s]       |     [01;36m[K^~~~~~~~~~~[m[K
[2.407s] [01m[K/usr/include/c++/11/bits/shared_ptr.h:875:5:[m[K [01;36m[Knote: [m[K  template argument deduction/substitution failed:
[2.407s] [01m[K/home/monster/arduinobot_ws/src/arduinobot_cpp_examples/src/simple_parameter.cpp:46:54:[m[K [01;31m[Kerror: [m[Ktemplate argument 1 is invalid
[2.407s]    46 |         auto node = [01;31m[Kstd::make_shared<SimpleParameter>()[m[K;
[2.407s]       |                     [01;31m[K~~~~~~~~~~~~~~~~~~~~~~~~~~~~~~~~~^~[m[K
[2.408s] [01m[K/home/monster/arduinobot_ws/src/arduinobot_cpp_examples/src/simple_parameter.cpp:47:16:[m[K [01;31m[Kerror: [m[Kâ€˜[01m[Kspin[m[Kâ€™ was not declared in this scope; did you mean â€˜[01m[Krclcpp::spin[m[Kâ€™?
[2.408s]    47 |         rclcpp:[01;31m[Kspin[m[K(node);
[2.408s]       |                [01;31m[K^~~~[m[K
[2.408s]       |                [32m[Krclcpp::spin[m[K
[2.408s] In file included from [01m[K/opt/ros/humble/include/rclcpp/rclcpp/rclcpp.hpp:155[m[K,
[2.408s]                  from [01m[K/home/monster/arduinobot_ws/src/arduinobot_cpp_examples/src/simple_parameter.cpp:1[m[K:
[2.408s] [01m[K/opt/ros/humble/include/rclcpp/rclcpp/executors.hpp:49:1:[m[K [01;36m[Knote: [m[Kâ€˜[01m[Krclcpp::spin[m[Kâ€™ declared here
[2.408s]    49 | [01;36m[Kspin[m[K(rclcpp::Node::SharedPtr node_ptr);
[2.408s]       | [01;36m[K^~~~[m[K
[2.408s] [01m[K/home/monster/arduinobot_ws/src/arduinobot_cpp_examples/src/simple_parameter.cpp:47:9:[m[K [01;35m[Kwarning: [m[Klabel â€˜[01m[Krclcpp[m[Kâ€™ defined but not used [[01;35m[K]8;;https://gcc.gnu.org/onlinedocs/gcc/Warning-Options.html#index-Wunused-label-Wunused-label]8;;[m[K]
[2.409s]    47 |         [01;35m[Krclcpp[m[K:spin(node);
[2.409s]       |         [01;35m[K^~~~~~[m[K
[2.833s] gmake[2]: *** [CMakeFiles/simple_parameter.dir/build.make:76: CMakeFiles/simple_parameter.dir/src/simple_parameter.cpp.o] Error 1
[2.833s] gmake[1]: *** [CMakeFiles/Makefile2:193: CMakeFiles/simple_parameter.dir/all] Error 2
[2.833s] gmake: *** [Makefile:146: all] Error 2
[2.835s] Invoked command in '/home/monster/arduinobot_ws/build/arduinobot_cpp_examples' returned '2': CMAKE_PREFIX_PATH=${CMAKE_PREFIX_PATH}:/home/monster/arduinobot_ws/install/arduinobot_py_examples:/opt/ros/humble /usr/bin/cmake --build /home/monster/arduinobot_ws/build/arduinobot_cpp_examples -- -j3 -l3
